<?xml version="1.0" encoding="UTF-8"?>
<!-- Generated by org.testng.reporters.JUnitXMLReporter -->
<testsuite ignored="0" hostname="Prashant" failures="2" tests="2" name="FirefoxTest" time="0.065" errors="0" timestamp="2025-07-17T20:55:33 IST">
  <testcase classname="testCases.TC002_LoginTest" name="Login" time="0.008">
    <failure type="java.lang.AssertionError" message="null">
      <![CDATA[java.lang.AssertionError: null
at testCases.TC002_LoginTest.Login(TC002_LoginTest.java:32)
at java.base/java.util.ArrayList.forEach(ArrayList.java:1511)
... Removed 29 stack frames]]>
    </failure>
  </testcase> <!-- Login -->
  <testcase classname="testCases.TC001_AccountRegistrationTest" name="AccountRegister" time="0.005">
    <failure type="java.lang.AssertionError" message="null">
      <![CDATA[java.lang.AssertionError: null
at testCases.TC001_AccountRegistrationTest.AccountRegister(TC001_AccountRegistrationTest.java:54)
at java.base/java.util.ArrayList.forEach(ArrayList.java:1511)
... Removed 29 stack frames]]>
    </failure>
  </testcase> <!-- AccountRegister -->
</testsuite> <!-- FirefoxTest -->
