<?xml version="1.0" encoding="UTF-8"?>
<testng-results ignored="0" total="2" passed="2" failed="0" skipped="0">
  <reporter-output>
  </reporter-output>
  <suite started-at="2025-07-21T21:08:50 IST" name="MasterSuite" finished-at="2025-07-21T21:09:08 IST" duration-ms="18054">
    <groups>
      <group name="Master">
        <method signature="TC001_AccountRegistrationTest.AccountRegister()[pri:0, instance:testCases.TC001_AccountRegistrationTest@5b247367]" name="AccountRegister" class="testCases.TC001_AccountRegistrationTest"/>
        <method signature="TC002_LoginTest.Login()[pri:0, instance:testCases.TC002_LoginTest@6440112d]" name="Login" class="testCases.TC002_LoginTest"/>
      </group> <!-- Master -->
      <group name="Sanity">
        <method signature="TC002_LoginTest.Login()[pri:0, instance:testCases.TC002_LoginTest@6440112d]" name="Login" class="testCases.TC002_LoginTest"/>
      </group> <!-- Sanity -->
      <group name="Regression">
        <method signature="TC001_AccountRegistrationTest.AccountRegister()[pri:0, instance:testCases.TC001_AccountRegistrationTest@5b247367]" name="AccountRegister" class="testCases.TC001_AccountRegistrationTest"/>
      </group> <!-- Regression -->
    </groups>
    <test started-at="2025-07-21T21:08:50 IST" name="Test" finished-at="2025-07-21T21:09:08 IST" duration-ms="18054">
      <class name="testCases.TC002_LoginTest">
        <test-method is-config="true" signature="setup(java.lang.String,java.lang.String)[pri:0, instance:testCases.TC002_LoginTest@6440112d]" started-at="2025-07-21T21:09:00 IST" name="setup" finished-at="2025-07-21T21:09:04 IST" duration-ms="3444" status="PASS">
          <params>
            <param index="0">
              <value>
                <![CDATA[Windows]]>
              </value>
            </param>
            <param index="1">
              <value>
                <![CDATA[chrome]]>
              </value>
            </param>
          </params>
          <reporter-output>
          </reporter-output>
        </test-method> <!-- setup -->
        <test-method signature="Login()[pri:0, instance:testCases.TC002_LoginTest@6440112d]" started-at="2025-07-21T21:09:04 IST" name="Login" finished-at="2025-07-21T21:09:07 IST" duration-ms="3595" status="PASS">
          <reporter-output>
          </reporter-output>
        </test-method> <!-- Login -->
        <test-method is-config="true" signature="teardown()[pri:0, instance:testCases.TC002_LoginTest@6440112d]" started-at="2025-07-21T21:09:07 IST" name="teardown" finished-at="2025-07-21T21:09:08 IST" duration-ms="448" status="PASS">
          <reporter-output>
          </reporter-output>
        </test-method> <!-- teardown -->
      </class> <!-- testCases.TC002_LoginTest -->
      <class name="testCases.TC001_AccountRegistrationTest">
        <test-method is-config="true" signature="setup(java.lang.String,java.lang.String)[pri:0, instance:testCases.TC001_AccountRegistrationTest@5b247367]" started-at="2025-07-21T21:08:50 IST" name="setup" finished-at="2025-07-21T21:08:55 IST" duration-ms="5093" status="PASS">
          <params>
            <param index="0">
              <value>
                <![CDATA[Windows]]>
              </value>
            </param>
            <param index="1">
              <value>
                <![CDATA[chrome]]>
              </value>
            </param>
          </params>
          <reporter-output>
          </reporter-output>
        </test-method> <!-- setup -->
        <test-method signature="AccountRegister()[pri:0, instance:testCases.TC001_AccountRegistrationTest@5b247367]" started-at="2025-07-21T21:08:55 IST" name="AccountRegister" finished-at="2025-07-21T21:09:00 IST" duration-ms="4269" status="PASS">
          <reporter-output>
          </reporter-output>
        </test-method> <!-- AccountRegister -->
        <test-method is-config="true" signature="teardown()[pri:0, instance:testCases.TC001_AccountRegistrationTest@5b247367]" started-at="2025-07-21T21:09:00 IST" name="teardown" finished-at="2025-07-21T21:09:00 IST" duration-ms="500" status="PASS">
          <reporter-output>
          </reporter-output>
        </test-method> <!-- teardown -->
      </class> <!-- testCases.TC001_AccountRegistrationTest -->
    </test> <!-- Test -->
  </suite> <!-- MasterSuite -->
</testng-results>
